<?xml version="1.0" encoding="UTF-8"?>
<!-- Generated by org.testng.reporters.JUnitXMLReporter -->
<testsuite hostname="DINESH-PC" ignored="0" name="Default test" tests="3" failures="0" timestamp="2022-11-09T20:07:34 IST" time="143.439" errors="0">
  <testcase name="validateCreateContactTest" time="14.316" classname="crmTest.CreateContactTest"/>
  <testcase name="validateCreateContactTest" time="12.726" classname="crmTest.CreateContactTest"/>
  <testcase name="validateCreateContactTest" time="12.459" classname="crmTest.CreateContactTest"/>
</testsuite> <!-- Default test -->
