<?xml version="1.0" encoding="UTF-8"?>
<!-- Generated by org.testng.reporters.JUnitXMLReporter -->
<testsuite hostname="DINESH-PC" ignored="0" name="RegressionTest" tests="9" failures="0" timestamp="2022-11-11T18:29:33 IST" time="342.126" errors="0">
  <testcase name="validateTitlePage" time="0.717" classname="crmTest.LoginPageTest"/>
  <testcase name="validateLogoTest" time="1.474" classname="crmTest.LoginPageTest"/>
  <testcase name="loginPage" time="13.917" classname="crmTest.LoginPageTest"/>
  <testcase name="validateCreateContactTest" time="19.764" classname="crmTest.CreateContactTest"/>
  <testcase name="validateCreateContactTest" time="12.665" classname="crmTest.CreateContactTest"/>
  <testcase name="validateCreateContactTest" time="12.697" classname="crmTest.CreateContactTest"/>
  <testcase name="validateContactLinkRedirection" time="3.166" classname="crmTest.HomePageTest"/>
  <testcase name="validatecompanyLinkRedirection" time="3.328" classname="crmTest.HomePageTest"/>
  <testcase name="validatedealLinkRedirection" time="2.563" classname="crmTest.HomePageTest"/>
</testsuite> <!-- RegressionTest -->
