<?xml version="1.0" encoding="UTF-8"?>
<testng-results skipped="0" failed="0" ignored="0" total="9" passed="9">
  <reporter-output>
  </reporter-output>
  <suite name="crmproSuite" duration-ms="342126" started-at="2022-11-11T18:23:51 IST" finished-at="2022-11-11T18:29:33 IST">
    <groups>
    </groups>
    <test name="RegressionTest" duration-ms="342126" started-at="2022-11-11T18:23:51 IST" finished-at="2022-11-11T18:29:33 IST">
      <class name="crmTest.CreateContactTest">
        <test-method status="PASS" signature="initialization()[pri:0, instance:crmTest.CreateContactTest@1da51a35]" name="initialization" is-config="true" duration-ms="26743" started-at="2022-11-11T18:26:09 IST" finished-at="2022-11-11T18:26:36 IST">
          <reporter-output>
          </reporter-output>
        </test-method> <!-- initialization -->
        <test-method status="PASS" signature="validateCreateContactTest(java.lang.String,java.lang.String,java.lang.String,java.lang.String,java.lang.String,java.lang.String)[pri:0, instance:crmTest.CreateContactTest@1da51a35]" name="validateCreateContactTest" duration-ms="19764" started-at="2022-11-11T18:26:36 IST" data-provider="ContactDataProviderDoc" finished-at="2022-11-11T18:26:56 IST">
          <params>
            <param index="0">
              <value>
                <![CDATA[Sachin]]>
              </value>
            </param>
            <param index="1">
              <value>
                <![CDATA[Ramesh]]>
              </value>
            </param>
            <param index="2">
              <value>
                <![CDATA[Tendulkar]]>
              </value>
            </param>
            <param index="3">
              <value>
                <![CDATA[Infosys]]>
              </value>
            </param>
            <param index="4">
              <value>
                <![CDATA[Sachin]]>
              </value>
            </param>
            <param index="5">
              <value>
                <![CDATA[Mumbai]]>
              </value>
            </param>
          </params>
          <reporter-output>
          </reporter-output>
        </test-method> <!-- validateCreateContactTest -->
        <test-method status="PASS" signature="closeResources()[pri:0, instance:crmTest.CreateContactTest@1da51a35]" name="closeResources" is-config="true" duration-ms="2018" started-at="2022-11-11T18:26:56 IST" finished-at="2022-11-11T18:26:58 IST">
          <reporter-output>
          </reporter-output>
        </test-method> <!-- closeResources -->
        <test-method status="PASS" signature="initialization()[pri:0, instance:crmTest.CreateContactTest@1da51a35]" name="initialization" is-config="true" duration-ms="25322" started-at="2022-11-11T18:26:58 IST" finished-at="2022-11-11T18:27:23 IST">
          <reporter-output>
          </reporter-output>
        </test-method> <!-- initialization -->
        <test-method status="PASS" signature="validateCreateContactTest(java.lang.String,java.lang.String,java.lang.String,java.lang.String,java.lang.String,java.lang.String)[pri:0, instance:crmTest.CreateContactTest@1da51a35]" name="validateCreateContactTest" duration-ms="12665" started-at="2022-11-11T18:27:23 IST" data-provider="ContactDataProviderDoc" finished-at="2022-11-11T18:27:36 IST">
          <params>
            <param index="0">
              <value>
                <![CDATA[Gautam]]>
              </value>
            </param>
            <param index="1">
              <value>
                <![CDATA[Suresh]]>
              </value>
            </param>
            <param index="2">
              <value>
                <![CDATA[Gambhin]]>
              </value>
            </param>
            <param index="3">
              <value>
                <![CDATA[Infosys]]>
              </value>
            </param>
            <param index="4">
              <value>
                <![CDATA[Gautam]]>
              </value>
            </param>
            <param index="5">
              <value>
                <![CDATA[Delhi]]>
              </value>
            </param>
          </params>
          <reporter-output>
          </reporter-output>
        </test-method> <!-- validateCreateContactTest -->
        <test-method status="PASS" signature="closeResources()[pri:0, instance:crmTest.CreateContactTest@1da51a35]" name="closeResources" is-config="true" duration-ms="2706" started-at="2022-11-11T18:27:36 IST" finished-at="2022-11-11T18:27:38 IST">
          <reporter-output>
          </reporter-output>
        </test-method> <!-- closeResources -->
        <test-method status="PASS" signature="initialization()[pri:0, instance:crmTest.CreateContactTest@1da51a35]" name="initialization" is-config="true" duration-ms="23302" started-at="2022-11-11T18:27:38 IST" finished-at="2022-11-11T18:28:02 IST">
          <reporter-output>
          </reporter-output>
        </test-method> <!-- initialization -->
        <test-method status="PASS" signature="validateCreateContactTest(java.lang.String,java.lang.String,java.lang.String,java.lang.String,java.lang.String,java.lang.String)[pri:0, instance:crmTest.CreateContactTest@1da51a35]" name="validateCreateContactTest" duration-ms="12697" started-at="2022-11-11T18:28:02 IST" data-provider="ContactDataProviderDoc" finished-at="2022-11-11T18:28:14 IST">
          <params>
            <param index="0">
              <value>
                <![CDATA[Mahendra]]>
              </value>
            </param>
            <param index="1">
              <value>
                <![CDATA[Singh]]>
              </value>
            </param>
            <param index="2">
              <value>
                <![CDATA[Dhoni]]>
              </value>
            </param>
            <param index="3">
              <value>
                <![CDATA[Infosys]]>
              </value>
            </param>
            <param index="4">
              <value>
                <![CDATA[Mahi]]>
              </value>
            </param>
            <param index="5">
              <value>
                <![CDATA[Zarkhand]]>
              </value>
            </param>
          </params>
          <reporter-output>
          </reporter-output>
        </test-method> <!-- validateCreateContactTest -->
        <test-method status="PASS" signature="closeResources()[pri:0, instance:crmTest.CreateContactTest@1da51a35]" name="closeResources" is-config="true" duration-ms="1717" started-at="2022-11-11T18:28:14 IST" finished-at="2022-11-11T18:28:16 IST">
          <reporter-output>
          </reporter-output>
        </test-method> <!-- closeResources -->
      </class> <!-- crmTest.CreateContactTest -->
      <class name="crmTest.LoginPageTest">
        <test-method status="PASS" signature="initialization()[pri:0, instance:crmTest.LoginPageTest@4d1b0d2a]" name="initialization" is-config="true" duration-ms="76324" started-at="2022-11-11T18:23:51 IST" finished-at="2022-11-11T18:25:08 IST">
          <reporter-output>
          </reporter-output>
        </test-method> <!-- initialization -->
        <test-method status="PASS" signature="validateTitlePage()[pri:1, instance:crmTest.LoginPageTest@4d1b0d2a]" name="validateTitlePage" duration-ms="717" started-at="2022-11-11T18:25:08 IST" finished-at="2022-11-11T18:25:08 IST">
          <reporter-output>
          </reporter-output>
        </test-method> <!-- validateTitlePage -->
        <test-method status="PASS" signature="colseResources()[pri:0, instance:crmTest.LoginPageTest@4d1b0d2a]" name="colseResources" is-config="true" duration-ms="1131" started-at="2022-11-11T18:25:08 IST" finished-at="2022-11-11T18:25:10 IST">
          <reporter-output>
          </reporter-output>
        </test-method> <!-- colseResources -->
        <test-method status="PASS" signature="initialization()[pri:0, instance:crmTest.LoginPageTest@4d1b0d2a]" name="initialization" is-config="true" duration-ms="19283" started-at="2022-11-11T18:25:10 IST" finished-at="2022-11-11T18:25:29 IST">
          <reporter-output>
          </reporter-output>
        </test-method> <!-- initialization -->
        <test-method status="PASS" signature="validateLogoTest()[pri:2, instance:crmTest.LoginPageTest@4d1b0d2a]" name="validateLogoTest" duration-ms="1474" started-at="2022-11-11T18:25:29 IST" finished-at="2022-11-11T18:25:30 IST">
          <reporter-output>
          </reporter-output>
        </test-method> <!-- validateLogoTest -->
        <test-method status="PASS" signature="colseResources()[pri:0, instance:crmTest.LoginPageTest@4d1b0d2a]" name="colseResources" is-config="true" duration-ms="1158" started-at="2022-11-11T18:25:30 IST" finished-at="2022-11-11T18:25:32 IST">
          <reporter-output>
          </reporter-output>
        </test-method> <!-- colseResources -->
        <test-method status="PASS" signature="initialization()[pri:0, instance:crmTest.LoginPageTest@4d1b0d2a]" name="initialization" is-config="true" duration-ms="18732" started-at="2022-11-11T18:25:32 IST" finished-at="2022-11-11T18:25:50 IST">
          <reporter-output>
          </reporter-output>
        </test-method> <!-- initialization -->
        <test-method status="PASS" signature="loginPage()[pri:3, instance:crmTest.LoginPageTest@4d1b0d2a]" name="loginPage" duration-ms="13917" started-at="2022-11-11T18:25:50 IST" finished-at="2022-11-11T18:26:04 IST">
          <reporter-output>
          </reporter-output>
        </test-method> <!-- loginPage -->
        <test-method status="PASS" signature="colseResources()[pri:0, instance:crmTest.LoginPageTest@4d1b0d2a]" name="colseResources" is-config="true" duration-ms="452" started-at="2022-11-11T18:26:04 IST" finished-at="2022-11-11T18:26:05 IST">
          <reporter-output>
          </reporter-output>
        </test-method> <!-- colseResources -->
      </class> <!-- crmTest.LoginPageTest -->
      <class name="crmTest.HomePageTest">
        <test-method status="PASS" signature="initialization()[pri:0, instance:crmTest.HomePageTest@16022d9d]" name="initialization" is-config="true" duration-ms="25866" started-at="2022-11-11T18:28:16 IST" finished-at="2022-11-11T18:28:42 IST">
          <reporter-output>
          </reporter-output>
        </test-method> <!-- initialization -->
        <test-method status="PASS" signature="validateContactLinkRedirection()[pri:0, instance:crmTest.HomePageTest@16022d9d]" name="validateContactLinkRedirection" duration-ms="3166" started-at="2022-11-11T18:28:42 IST" finished-at="2022-11-11T18:28:45 IST">
          <reporter-output>
          </reporter-output>
        </test-method> <!-- validateContactLinkRedirection -->
        <test-method status="PASS" signature="closeResources()[pri:0, instance:crmTest.HomePageTest@16022d9d]" name="closeResources" is-config="true" duration-ms="1855" started-at="2022-11-11T18:28:45 IST" finished-at="2022-11-11T18:28:47 IST">
          <reporter-output>
          </reporter-output>
        </test-method> <!-- closeResources -->
        <test-method status="PASS" signature="initialization()[pri:0, instance:crmTest.HomePageTest@16022d9d]" name="initialization" is-config="true" duration-ms="17300" started-at="2022-11-11T18:28:47 IST" finished-at="2022-11-11T18:29:04 IST">
          <reporter-output>
          </reporter-output>
        </test-method> <!-- initialization -->
        <test-method status="PASS" signature="validatecompanyLinkRedirection()[pri:0, instance:crmTest.HomePageTest@16022d9d]" name="validatecompanyLinkRedirection" duration-ms="3328" started-at="2022-11-11T18:29:04 IST" finished-at="2022-11-11T18:29:08 IST">
          <reporter-output>
          </reporter-output>
        </test-method> <!-- validatecompanyLinkRedirection -->
        <test-method status="PASS" signature="closeResources()[pri:0, instance:crmTest.HomePageTest@16022d9d]" name="closeResources" is-config="true" duration-ms="1963" started-at="2022-11-11T18:29:08 IST" finished-at="2022-11-11T18:29:10 IST">
          <reporter-output>
          </reporter-output>
        </test-method> <!-- closeResources -->
        <test-method status="PASS" signature="initialization()[pri:0, instance:crmTest.HomePageTest@16022d9d]" name="initialization" is-config="true" duration-ms="19115" started-at="2022-11-11T18:29:10 IST" finished-at="2022-11-11T18:29:29 IST">
          <reporter-output>
          </reporter-output>
        </test-method> <!-- initialization -->
        <test-method status="PASS" signature="validatedealLinkRedirection()[pri:0, instance:crmTest.HomePageTest@16022d9d]" name="validatedealLinkRedirection" duration-ms="2563" started-at="2022-11-11T18:29:29 IST" finished-at="2022-11-11T18:29:31 IST">
          <reporter-output>
          </reporter-output>
        </test-method> <!-- validatedealLinkRedirection -->
        <test-method status="PASS" signature="closeResources()[pri:0, instance:crmTest.HomePageTest@16022d9d]" name="closeResources" is-config="true" duration-ms="1714" started-at="2022-11-11T18:29:31 IST" finished-at="2022-11-11T18:29:33 IST">
          <reporter-output>
          </reporter-output>
        </test-method> <!-- closeResources -->
      </class> <!-- crmTest.HomePageTest -->
    </test> <!-- RegressionTest -->
  </suite> <!-- crmproSuite -->
</testng-results>
